[10:21:30:458] [ERROR] - org.apache.struts2.dispatcher.DefaultDispatcherErrorHandler.sendErrorResponse(DefaultDispatcherErrorHandler.java:87) - Exception occurred during processing request: There is no statement named findname in this SqlMap.
com.ibatis.sqlmap.client.SqlMapException: There is no statement named findname in this SqlMap.
	at com.ibatis.sqlmap.engine.impl.SqlMapExecutorDelegate.getMappedStatement(SqlMapExecutorDelegate.java:293) ~[ibatis-sqlmap-2.3.0.jar:?]
	at com.ibatis.sqlmap.engine.impl.SqlMapExecutorDelegate.queryForObject(SqlMapExecutorDelegate.java:557) ~[ibatis-sqlmap-2.3.0.jar:?]
	at com.ibatis.sqlmap.engine.impl.SqlMapExecutorDelegate.queryForObject(SqlMapExecutorDelegate.java:541) ~[ibatis-sqlmap-2.3.0.jar:?]
	at com.ibatis.sqlmap.engine.impl.SqlMapSessionImpl.queryForObject(SqlMapSessionImpl.java:106) ~[ibatis-sqlmap-2.3.0.jar:?]
	at com.ibatis.sqlmap.engine.impl.SqlMapClientImpl.queryForObject(SqlMapClientImpl.java:83) ~[ibatis-sqlmap-2.3.0.jar:?]
	at cn.edu.uestc.dao.CommonDAOImpl.queryObject(CommonDAOImpl.java:14) ~[CommonDAOImpl.class:?]
	at cn.edu.uestc.test.service.TestService.validateName(TestService.java:15) ~[TestService.class:?]
	at cn.edu.uestc.test.mystruts2.TestAction.execute(TestAction.java:25) ~[TestAction.class:?]
	at sun.reflect.NativeMethodAccessorImpl.invoke0(Native Method) ~[?:1.8.0_101]
	at sun.reflect.NativeMethodAccessorImpl.invoke(NativeMethodAccessorImpl.java:62) ~[?:1.8.0_101]
	at sun.reflect.DelegatingMethodAccessorImpl.invoke(DelegatingMethodAccessorImpl.java:43) ~[?:1.8.0_101]
	at java.lang.reflect.Method.invoke(Method.java:498) ~[?:1.8.0_101]
	at ognl.OgnlRuntime.invokeMethod(OgnlRuntime.java:899) ~[ognl-3.1.15.jar:?]
	at ognl.OgnlRuntime.callAppropriateMethod(OgnlRuntime.java:1544) ~[ognl-3.1.15.jar:?]
	at ognl.ObjectMethodAccessor.callMethod(ObjectMethodAccessor.java:68) ~[ognl-3.1.15.jar:?]
	at com.opensymphony.xwork2.ognl.accessor.XWorkMethodAccessor.callMethodWithDebugInfo(XWorkMethodAccessor.java:98) ~[struts2-core-2.5.16.jar:2.5.16]
	at com.opensymphony.xwork2.ognl.accessor.XWorkMethodAccessor.callMethod(XWorkMethodAccessor.java:90) ~[struts2-core-2.5.16.jar:2.5.16]
	at ognl.OgnlRuntime.callMethod(OgnlRuntime.java:1620) ~[ognl-3.1.15.jar:?]
	at ognl.ASTMethod.getValueBody(ASTMethod.java:91) ~[ognl-3.1.15.jar:?]
	at ognl.SimpleNode.evaluateGetValueBody(SimpleNode.java:212) ~[ognl-3.1.15.jar:?]
	at ognl.SimpleNode.getValue(SimpleNode.java:258) ~[ognl-3.1.15.jar:?]
	at ognl.Ognl.getValue(Ognl.java:470) ~[ognl-3.1.15.jar:?]
	at ognl.Ognl.getValue(Ognl.java:434) ~[ognl-3.1.15.jar:?]
	at com.opensymphony.xwork2.ognl.OgnlUtil$3.execute(OgnlUtil.java:374) ~[struts2-core-2.5.16.jar:2.5.16]
	at com.opensymphony.xwork2.ognl.OgnlUtil.compileAndExecuteMethod(OgnlUtil.java:426) ~[struts2-core-2.5.16.jar:2.5.16]
	at com.opensymphony.xwork2.ognl.OgnlUtil.callMethod(OgnlUtil.java:372) ~[struts2-core-2.5.16.jar:2.5.16]
	at com.opensymphony.xwork2.DefaultActionInvocation.invokeAction(DefaultActionInvocation.java:438) ~[struts2-core-2.5.16.jar:2.5.16]
	at com.opensymphony.xwork2.DefaultActionInvocation.invokeActionOnly(DefaultActionInvocation.java:293) ~[struts2-core-2.5.16.jar:2.5.16]
	at com.opensymphony.xwork2.DefaultActionInvocation.invoke(DefaultActionInvocation.java:254) ~[struts2-core-2.5.16.jar:2.5.16]
	at org.apache.struts2.interceptor.debugging.DebuggingInterceptor.intercept(DebuggingInterceptor.java:250) ~[struts2-core-2.5.16.jar:2.5.16]
	at com.opensymphony.xwork2.DefaultActionInvocation.invoke(DefaultActionInvocation.java:249) ~[struts2-core-2.5.16.jar:2.5.16]
	at com.opensymphony.xwork2.interceptor.DefaultWorkflowInterceptor.doIntercept(DefaultWorkflowInterceptor.java:179) ~[struts2-core-2.5.16.jar:2.5.16]
	at com.opensymphony.xwork2.interceptor.MethodFilterInterceptor.intercept(MethodFilterInterceptor.java:99) ~[struts2-core-2.5.16.jar:2.5.16]
	at com.opensymphony.xwork2.DefaultActionInvocation.invoke(DefaultActionInvocation.java:249) ~[struts2-core-2.5.16.jar:2.5.16]
	at com.opensymphony.xwork2.validator.ValidationInterceptor.doIntercept(ValidationInterceptor.java:263) ~[struts2-core-2.5.16.jar:2.5.16]
	at org.apache.struts2.interceptor.validation.AnnotationValidationInterceptor.doIntercept(AnnotationValidationInterceptor.java:49) ~[struts2-core-2.5.16.jar:2.5.16]
	at com.opensymphony.xwork2.interceptor.MethodFilterInterceptor.intercept(MethodFilterInterceptor.java:99) ~[struts2-core-2.5.16.jar:2.5.16]
	at com.opensymphony.xwork2.DefaultActionInvocation.invoke(DefaultActionInvocation.java:249) ~[struts2-core-2.5.16.jar:2.5.16]
	at com.opensymphony.xwork2.interceptor.ConversionErrorInterceptor.doIntercept(ConversionErrorInterceptor.java:142) ~[struts2-core-2.5.16.jar:2.5.16]
	at com.opensymphony.xwork2.interceptor.MethodFilterInterceptor.intercept(MethodFilterInterceptor.java:99) ~[struts2-core-2.5.16.jar:2.5.16]
	at com.opensymphony.xwork2.DefaultActionInvocation.invoke(DefaultActionInvocation.java:249) ~[struts2-core-2.5.16.jar:2.5.16]
	at com.opensymphony.xwork2.interceptor.ParametersInterceptor.doIntercept(ParametersInterceptor.java:137) ~[struts2-core-2.5.16.jar:2.5.16]
	at com.opensymphony.xwork2.interceptor.MethodFilterInterceptor.intercept(MethodFilterInterceptor.java:99) ~[struts2-core-2.5.16.jar:2.5.16]
	at com.opensymphony.xwork2.DefaultActionInvocation.invoke(DefaultActionInvocation.java:249) ~[struts2-core-2.5.16.jar:2.5.16]
	at com.opensymphony.xwork2.interceptor.ParametersInterceptor.doIntercept(ParametersInterceptor.java:137) ~[struts2-core-2.5.16.jar:2.5.16]
	at com.opensymphony.xwork2.interceptor.MethodFilterInterceptor.intercept(MethodFilterInterceptor.java:99) ~[struts2-core-2.5.16.jar:2.5.16]
	at com.opensymphony.xwork2.DefaultActionInvocation.invoke(DefaultActionInvocation.java:249) ~[struts2-core-2.5.16.jar:2.5.16]
	at com.opensymphony.xwork2.interceptor.StaticParametersInterceptor.intercept(StaticParametersInterceptor.java:201) ~[struts2-core-2.5.16.jar:2.5.16]
	at com.opensymphony.xwork2.DefaultActionInvocation.invoke(DefaultActionInvocation.java:249) ~[struts2-core-2.5.16.jar:2.5.16]
	at org.apache.struts2.interceptor.MultiselectInterceptor.intercept(MultiselectInterceptor.java:67) ~[struts2-core-2.5.16.jar:2.5.16]
	at com.opensymphony.xwork2.DefaultActionInvocation.invoke(DefaultActionInvocation.java:249) ~[struts2-core-2.5.16.jar:2.5.16]
	at org.apache.struts2.interceptor.DateTextFieldInterceptor.intercept(DateTextFieldInterceptor.java:133) ~[struts2-core-2.5.16.jar:2.5.16]
	at com.opensymphony.xwork2.DefaultActionInvocation.invoke(DefaultActionInvocation.java:249) ~[struts2-core-2.5.16.jar:2.5.16]
	at org.apache.struts2.interceptor.CheckboxInterceptor.intercept(CheckboxInterceptor.java:89) ~[struts2-core-2.5.16.jar:2.5.16]
	at com.opensymphony.xwork2.DefaultActionInvocation.invoke(DefaultActionInvocation.java:249) ~[struts2-core-2.5.16.jar:2.5.16]
	at org.apache.struts2.interceptor.FileUploadInterceptor.intercept(FileUploadInterceptor.java:243) ~[struts2-core-2.5.16.jar:2.5.16]
	at com.opensymphony.xwork2.DefaultActionInvocation.invoke(DefaultActionInvocation.java:249) ~[struts2-core-2.5.16.jar:2.5.16]
	at com.opensymphony.xwork2.interceptor.ModelDrivenInterceptor.intercept(ModelDrivenInterceptor.java:101) ~[struts2-core-2.5.16.jar:2.5.16]
	at com.opensymphony.xwork2.DefaultActionInvocation.invoke(DefaultActionInvocation.java:249) ~[struts2-core-2.5.16.jar:2.5.16]
	at com.opensymphony.xwork2.interceptor.ScopedModelDrivenInterceptor.intercept(ScopedModelDrivenInterceptor.java:142) ~[struts2-core-2.5.16.jar:2.5.16]
	at com.opensymphony.xwork2.DefaultActionInvocation.invoke(DefaultActionInvocation.java:249) ~[struts2-core-2.5.16.jar:2.5.16]
	at com.opensymphony.xwork2.interceptor.ChainingInterceptor.intercept(ChainingInterceptor.java:160) ~[struts2-core-2.5.16.jar:2.5.16]
	at com.opensymphony.xwork2.DefaultActionInvocation.invoke(DefaultActionInvocation.java:249) ~[struts2-core-2.5.16.jar:2.5.16]
	at com.opensymphony.xwork2.interceptor.PrepareInterceptor.doIntercept(PrepareInterceptor.java:175) ~[struts2-core-2.5.16.jar:2.5.16]
	at com.opensymphony.xwork2.interceptor.MethodFilterInterceptor.intercept(MethodFilterInterceptor.java:99) ~[struts2-core-2.5.16.jar:2.5.16]
	at com.opensymphony.xwork2.DefaultActionInvocation.invoke(DefaultActionInvocation.java:249) ~[struts2-core-2.5.16.jar:2.5.16]
	at org.apache.struts2.interceptor.I18nInterceptor.intercept(I18nInterceptor.java:121) ~[struts2-core-2.5.16.jar:2.5.16]
	at com.opensymphony.xwork2.DefaultActionInvocation.invoke(DefaultActionInvocation.java:249) ~[struts2-core-2.5.16.jar:2.5.16]
	at org.apache.struts2.interceptor.ServletConfigInterceptor.intercept(ServletConfigInterceptor.java:167) ~[struts2-core-2.5.16.jar:2.5.16]
	at com.opensymphony.xwork2.DefaultActionInvocation.invoke(DefaultActionInvocation.java:249) ~[struts2-core-2.5.16.jar:2.5.16]
	at com.opensymphony.xwork2.interceptor.AliasInterceptor.intercept(AliasInterceptor.java:203) ~[struts2-core-2.5.16.jar:2.5.16]
	at com.opensymphony.xwork2.DefaultActionInvocation.invoke(DefaultActionInvocation.java:249) ~[struts2-core-2.5.16.jar:2.5.16]
	at com.opensymphony.xwork2.interceptor.ExceptionMappingInterceptor.intercept(ExceptionMappingInterceptor.java:196) ~[struts2-core-2.5.16.jar:2.5.16]
	at com.opensymphony.xwork2.DefaultActionInvocation.invoke(DefaultActionInvocation.java:249) ~[struts2-core-2.5.16.jar:2.5.16]
	at org.apache.struts2.factory.StrutsActionProxy.execute(StrutsActionProxy.java:48) ~[struts2-core-2.5.16.jar:2.5.16]
	at org.apache.struts2.dispatcher.Dispatcher.serviceAction(Dispatcher.java:574) [struts2-core-2.5.16.jar:2.5.16]
	at org.apache.struts2.dispatcher.ExecuteOperations.executeAction(ExecuteOperations.java:79) [struts2-core-2.5.16.jar:2.5.16]
	at org.apache.struts2.dispatcher.filter.StrutsPrepareAndExecuteFilter.doFilter(StrutsPrepareAndExecuteFilter.java:141) [struts2-core-2.5.16.jar:2.5.16]
	at org.apache.catalina.core.ApplicationFilterChain.internalDoFilter(ApplicationFilterChain.java:235) [catalina.jar:6.0.43]
	at org.apache.catalina.core.ApplicationFilterChain.doFilter(ApplicationFilterChain.java:206) [catalina.jar:6.0.43]
	at org.apache.catalina.core.StandardWrapperValve.invoke(StandardWrapperValve.java:233) [catalina.jar:6.0.43]
	at org.apache.catalina.core.StandardContextValve.invoke(StandardContextValve.java:191) [catalina.jar:6.0.43]
	at org.apache.catalina.core.StandardHostValve.invoke(StandardHostValve.java:127) [catalina.jar:6.0.43]
	at org.apache.catalina.valves.ErrorReportValve.invoke(ErrorReportValve.java:103) [catalina.jar:6.0.43]
	at org.apache.catalina.core.StandardEngineValve.invoke(StandardEngineValve.java:109) [catalina.jar:6.0.43]
	at org.apache.catalina.connector.CoyoteAdapter.service(CoyoteAdapter.java:293) [catalina.jar:6.0.43]
	at org.apache.coyote.http11.Http11Processor.process(Http11Processor.java:861) [tomcat-coyote.jar:6.0.43]
	at org.apache.coyote.http11.Http11Protocol$Http11ConnectionHandler.process(Http11Protocol.java:620) [tomcat-coyote.jar:6.0.43]
	at org.apache.tomcat.util.net.JIoEndpoint$Worker.run(JIoEndpoint.java:489) [tomcat-coyote.jar:6.0.43]
	at java.lang.Thread.run(Thread.java:745) [?:1.8.0_101]
